INFO: [VRFC 10-2263] Analyzing Verilog file "D:/Coding/Vivado_workspace/1018_SellerMachine/1018_SellerMachine.sim/sim_1/impl/func/xsim/seller_machine_sim_func_impl.v" into library xil_defaultlib
INFO: [VRFC 10-311] analyzing module async_moore_fsm
INFO: [VRFC 10-311] analyzing module disp_on_8seg
INFO: [VRFC 10-311] analyzing module money_bin_to_bcd8421
INFO: [VRFC 10-311] analyzing module sell_refund_fifo
INFO: [VRFC 10-311] analyzing module seller_machine_core
INFO: [VRFC 10-311] analyzing module seller_machine_top
INFO: [VRFC 10-311] analyzing module glbl
INFO: [VRFC 10-2263] Analyzing Verilog file "D:/Coding/Vivado_workspace/1018_SellerMachine/1018_SellerMachine.srcs/sources_1/new/async_moore_fsm.v" into library xil_defaultlib
INFO: [VRFC 10-311] analyzing module async_moore_fsm
WARNING: [VRFC 10-3609] overwriting previous definition of module 'async_moore_fsm' [D:/Coding/Vivado_workspace/1018_SellerMachine/1018_SellerMachine.srcs/sources_1/new/async_moore_fsm.v:23]
INFO: [VRFC 10-2263] Analyzing Verilog file "D:/Coding/Vivado_workspace/1018_SellerMachine/1018_SellerMachine.srcs/sources_1/new/money_bin_to_bcd8421.v" into library xil_defaultlib
INFO: [VRFC 10-311] analyzing module money_bin_to_bcd8421
WARNING: [VRFC 10-3609] overwriting previous definition of module 'money_bin_to_bcd8421' [D:/Coding/Vivado_workspace/1018_SellerMachine/1018_SellerMachine.srcs/sources_1/new/money_bin_to_bcd8421.v:23]
INFO: [VRFC 10-2263] Analyzing Verilog file "D:/Coding/Vivado_workspace/1018_SellerMachine/1018_SellerMachine.srcs/sources_1/new/sell_refund_fifo.v" into library xil_defaultlib
INFO: [VRFC 10-311] analyzing module sell_refund_fifo
WARNING: [VRFC 10-3609] overwriting previous definition of module 'sell_refund_fifo' [D:/Coding/Vivado_workspace/1018_SellerMachine/1018_SellerMachine.srcs/sources_1/new/sell_refund_fifo.v:23]
INFO: [VRFC 10-2263] Analyzing Verilog file "D:/Coding/Vivado_workspace/1018_SellerMachine/1018_SellerMachine.srcs/sources_1/new/seller_machine_core.v" into library xil_defaultlib
INFO: [VRFC 10-311] analyzing module seller_machine_core
WARNING: [VRFC 10-3609] overwriting previous definition of module 'seller_machine_core' [D:/Coding/Vivado_workspace/1018_SellerMachine/1018_SellerMachine.srcs/sources_1/new/seller_machine_core.v:23]
INFO: [VRFC 10-2263] Analyzing Verilog file "D:/Coding/Vivado_workspace/1018_SellerMachine/1018_SellerMachine.srcs/sim_1/new/seller_machine_sim.v" into library xil_defaultlib
INFO: [VRFC 10-311] analyzing module seller_machine_sim
